#
# A fatal error has been detected by the Java Runtime Environment:
#
#  EXCEPTION_ACCESS_VIOLATION (0xc0000005) at pc=0x00000000605f0059, pid=8408, tid=0x0000000000003674
#
# JRE version: OpenJDK Runtime Environment (8.0_212-b04) (build 1.8.0_212-release-1586-b04)
# Java VM: OpenJDK 64-Bit Server VM (25.212-b04 mixed mode windows-amd64 compressed oops)
# Problematic frame:
# V  [jvm.dll+0x3c0059]
#
# Failed to write core dump. Minidumps are not enabled by default on client versions of Windows
#
# If you would like to submit a bug report, please visit:
#   
#

---------------  T H R E A D  ---------------

Current thread (0x0000000002a2f000):  GCTaskThread [stack: 0x00000000124c0000,0x00000000125c0000] [id=13940]

siginfo: ExceptionCode=0xc0000005, writing address 0x000000000000c48b

Registers:
RAX=0x000000000000c500, RBX=0x0000000000000002, RCX=0x0000000000000000, RDX=0x0000000002b02790
RSP=0x00000000125bf210, RBP=0x00000000125bf2f0, RSI=0x0000000000000005, RDI=0x0000000013903810
R8 =0x0000000000000000, R9 =0x0000000070672ef1, R10=0x0000000000000001, R11=0x00000000607fade8
R12=0x0000000000000001, R13=0x00000000125bf308, R14=0x0000000000000000, R15=0x0000000002a2f7c0
RIP=0x00000000605f0059, EFLAGS=0x0000000000010246

Top of Stack: (sp=0x00000000125bf210)
0x00000000125bf210:   0000000002b02af0 0000000060847b88
0x00000000125bf220:   000181ab00011047 000000006031f379
0x00000000125bf230:   0001bc780000c5d8 0000000000000000
0x00000000125bf240:   0000000000000000 0001af3b000063a8
0x00000000125bf250:   0000000002b02af0 000000006031f43a
0x00000000125bf260:   0000000100032910 0000000002a1e6a0
0x00000000125bf270:   0000000002a2f7c0 0000000002a2f7b0
0x00000000125bf280:   0000000002a2f7b0 0000000002a1e6a0
0x00000000125bf290:   0000000060847b88 0000000000000005
0x00000000125bf2a0:   0000000018885390 00000000605f3837
0x00000000125bf2b0:   0001af3b000063aa 0000000002b02af0
0x00000000125bf2c0:   0000000000000000 0000000060847b88
0x00000000125bf2d0:   00000000f5bd4dc8 000000000001dc00
0x00000000125bf2e0:   0000000018885390 00000000605f0a0e
0x00000000125bf2f0:   0000000070672ef1 0000000002a2f000
0x00000000125bf300:   0000000000000000 00000000f5cdec10 

Instructions: (pc=0x00000000605f0059)
0x00000000605f0039:   10 ff 47 18 4c 89 5f 08 ff 46 68 48 ff cb 75 97
0x00000000605f0049:   48 8b 5e 10 48 85 db 74 08 48 8b cb e8 46 0a e3
0x00000000605f0059:   ff 48 8b 4e 18 48 8b d7 e8 3a f9 ff ff 48 8b 4e
0x00000000605f0069:   10 e8 41 05 e3 ff 48 85 db 74 08 48 8b cb e8 f4 


Register to memory mapping:

RAX=0x000000000000c500 is an unknown value
RBX=0x0000000000000002 is an unknown value
RCX=0x0000000000000000 is an unknown value
RDX=0x0000000002b02790 is an unknown value
RSP=0x00000000125bf210 is an unknown value
RBP=0x00000000125bf2f0 is an unknown value
RSI=0x0000000000000005 is an unknown value
RDI=0x0000000013903810 is an unknown value
R8 =0x0000000000000000 is an unknown value
R9 =0x0000000070672ef1 is an unknown value
R10=0x0000000000000001 is an unknown value
R11=0x00000000607fade8 is an unknown value
R12=0x0000000000000001 is an unknown value
R13=0x00000000125bf308 is an unknown value
R14=0x0000000000000000 is an unknown value
R15=0x0000000002a2f7c0 is an unknown value


Stack: [0x00000000124c0000,0x00000000125c0000],  sp=0x00000000125bf210,  free space=1020k
Native frames: (J=compiled Java code, j=interpreted, Vv=VM code, C=native code)
V  [jvm.dll+0x3c0059]
V  [jvm.dll+0xef43a]
V  [jvm.dll+0x3c3837]
V  [jvm.dll+0x3c0a0e]
V  [jvm.dll+0x26f53a]
C  [msvcr100.dll+0x21d9f]
C  [msvcr100.dll+0x21e3b]
C  [KERNEL32.DLL+0x17bd4]
C  [ntdll.dll+0x6ced1]


---------------  P R O C E S S  ---------------

Java Threads: ( => current thread )
  0x0000000028936000 JavaThread "ForkJoinPool-28-worker-0" daemon [_thread_blocked, id=12360, stack(0x00000000354d0000,0x00000000355d0000)]
  0x000000002893d000 JavaThread "ForkJoinPool-28-worker-7" daemon [_thread_blocked, id=13956, stack(0x00000000353d0000,0x00000000354d0000)]
  0x0000000028939000 JavaThread "ForkJoinPool-28-worker-6" daemon [_thread_blocked, id=1248, stack(0x00000000352d0000,0x00000000353d0000)]
  0x000000002893a800 JavaThread "ForkJoinPool-28-worker-5" daemon [_thread_blocked, id=6224, stack(0x0000000034f90000,0x0000000035090000)]
  0x000000002893b800 JavaThread "ForkJoinPool-28-worker-4" daemon [_thread_blocked, id=7596, stack(0x0000000034e90000,0x0000000034f90000)]
  0x0000000028935800 JavaThread "ForkJoinPool-28-worker-3" daemon [_thread_blocked, id=7524, stack(0x0000000034d90000,0x0000000034e90000)]
  0x000000002893c000 JavaThread "ForkJoinPool-28-worker-2" daemon [_thread_blocked, id=10560, stack(0x0000000034c90000,0x0000000034d90000)]
  0x0000000028937800 JavaThread "ForkJoinPool-28-worker-1" daemon [_thread_blocked, id=2600, stack(0x0000000034b90000,0x0000000034c90000)]
  0x0000000028938800 JavaThread "WorkerExecutor Queue Thread 9" [_thread_blocked, id=10708, stack(0x0000000034a90000,0x0000000034b90000)]
  0x0000000028937000 JavaThread "stdout" [_thread_in_native, id=1876, stack(0x0000000034990000,0x0000000034a90000)]
  0x00000000184ce800 JavaThread "stderr" [_thread_in_native, id=14776, stack(0x0000000034890000,0x0000000034990000)]
  0x000000001bf74800 JavaThread "stdout" [_thread_in_native, id=8472, stack(0x0000000034790000,0x0000000034890000)]
  0x000000001bf6b800 JavaThread "stderr" [_thread_in_native, id=14316, stack(0x0000000034690000,0x0000000034790000)]
  0x000000001bf71800 JavaThread "stdout" [_thread_in_native, id=6748, stack(0x0000000034590000,0x0000000034690000)]
  0x000000001bf70000 JavaThread "stderr" [_thread_in_native, id=7004, stack(0x0000000034490000,0x0000000034590000)]
  0x000000001bf69000 JavaThread "stdout" [_thread_in_native, id=10688, stack(0x0000000034390000,0x0000000034490000)]
  0x0000000017812000 JavaThread "stderr" [_thread_in_native, id=11712, stack(0x0000000034290000,0x0000000034390000)]
  0x0000000017811800 JavaThread "stdout" [_thread_in_native, id=11672, stack(0x000000002f250000,0x000000002f350000)]
  0x0000000017804800 JavaThread "stderr" [_thread_in_native, id=6180, stack(0x000000002f150000,0x000000002f250000)]
  0x0000000017808800 JavaThread "WorkerExecutor Queue Thread 7" [_thread_blocked, id=2476, stack(0x000000002cd10000,0x000000002ce10000)]
  0x0000000017807800 JavaThread "WorkerExecutor Queue Thread 6" [_thread_blocked, id=10716, stack(0x000000002cb10000,0x000000002cc10000)]
  0x000000001aaf7000 JavaThread "WorkerExecutor Queue Thread 5" [_thread_blocked, id=1956, stack(0x000000002ca10000,0x000000002cb10000)]
  0x000000001aaf6800 JavaThread "WorkerExecutor Queue Thread 4" [_thread_blocked, id=14944, stack(0x000000002bf10000,0x000000002c010000)]
  0x000000001aaf3800 JavaThread "stdout" [_thread_in_native, id=4364, stack(0x000000002be10000,0x000000002bf10000)]
  0x000000001aaf5800 JavaThread "stderr" [_thread_in_native, id=13372, stack(0x000000002bd10000,0x000000002be10000)]
  0x000000001aaf2000 JavaThread "stdout" [_thread_in_native, id=1904, stack(0x000000002bb10000,0x000000002bc10000)]
  0x000000001aaf2800 JavaThread "stderr" [_thread_in_native, id=14992, stack(0x000000002ba10000,0x000000002bb10000)]
  0x000000001aaf8000 JavaThread "pool-59-thread-1" [_thread_blocked, id=13884, stack(0x000000002b910000,0x000000002ba10000)]
  0x000000001aaf5000 JavaThread "WorkerExecutor Queue Thread 2" [_thread_blocked, id=10616, stack(0x0000000026690000,0x0000000026790000)]
  0x000000001db35800 JavaThread "Cache worker for execution history cache (C:\Users\Jake\team-39\.gradle\5.6.4\executionHistory)" [_thread_blocked, id=4108, stack(0x0000000026070000,0x0000000026170000)]
  0x000000001db34800 JavaThread "Execution worker for ':' Thread 7" [_thread_blocked, id=2156, stack(0x0000000025e70000,0x0000000025f70000)]
  0x000000001db34000 JavaThread "Execution worker for ':' Thread 6" [_thread_blocked, id=11388, stack(0x0000000025d70000,0x0000000025e70000)]
  0x000000001db39000 JavaThread "Execution worker for ':' Thread 5" [_thread_blocked, id=11124, stack(0x0000000025790000,0x0000000025890000)]
  0x000000001db37000 JavaThread "Execution worker for ':' Thread 4" [_thread_blocked, id=12396, stack(0x0000000025690000,0x0000000025790000)]
  0x000000001db2c800 JavaThread "Execution worker for ':' Thread 3" [_thread_blocked, id=10740, stack(0x0000000025590000,0x0000000025690000)]
  0x000000001db31800 JavaThread "Execution worker for ':' Thread 2" [_thread_blocked, id=1788, stack(0x0000000025490000,0x0000000025590000)]
  0x000000001db33000 JavaThread "Execution worker for ':'" [_thread_blocked, id=11396, stack(0x0000000024ca0000,0x0000000024da0000)]
  0x000000001db31000 JavaThread "Cache worker for file content cache (C:\Users\Jake\team-39\.gradle\5.6.4\fileContent)" [_thread_blocked, id=7048, stack(0x0000000024a00000,0x0000000024b00000)]
  0x000000001db32800 JavaThread "Cache worker for Build Output Cleanup Cache (C:\Users\Jake\team-39\.gradle\buildOutputCleanup)" [_thread_blocked, id=14188, stack(0x00000000240a0000,0x00000000241a0000)]
  0x000000001db2b000 JavaThread "Build operations Thread 8" [_thread_blocked, id=1704, stack(0x0000000023ba0000,0x0000000023ca0000)]
  0x000000001db30000 JavaThread "Build operations Thread 7" [_thread_blocked, id=10556, stack(0x00000000238a0000,0x00000000239a0000)]
  0x000000001db2e000 JavaThread "Build operations Thread 6" [_thread_blocked, id=14800, stack(0x0000000020d30000,0x0000000020e30000)]
  0x000000001d35f800 JavaThread "Build operations Thread 5" [_thread_blocked, id=14744, stack(0x0000000020630000,0x0000000020730000)]
  0x000000001d35c800 JavaThread "Build operations Thread 4" [_thread_blocked, id=12132, stack(0x0000000020530000,0x0000000020630000)]
  0x000000001d355000 JavaThread "Build operations Thread 3" [_thread_blocked, id=8180, stack(0x0000000020430000,0x0000000020530000)]
  0x000000001d35b000 JavaThread "Build operations Thread 2" [_thread_blocked, id=952, stack(0x000000001f930000,0x000000001fa30000)]
  0x000000001d35a800 JavaThread "Build operations" [_thread_blocked, id=13924, stack(0x000000001e1b0000,0x000000001e2b0000)]
  0x000000001d359800 JavaThread "Cache worker for cache directory md-rule (C:\Users\Jake\.gradle\caches\5.6.4\md-rule)" [_thread_blocked, id=8532, stack(0x000000001cdc0000,0x000000001cec0000)]
  0x000000001d35c000 JavaThread "Cache worker for cache directory md-supplier (C:\Users\Jake\.gradle\caches\5.6.4\md-supplier)" [_thread_blocked, id=3560, stack(0x000000001c8c0000,0x000000001c9c0000)]
  0x000000001d359000 JavaThread "Cache worker for file hash cache (C:\Users\Jake\team-39\.gradle\5.6.4\fileHashes)" [_thread_blocked, id=14292, stack(0x0000000019e20000,0x0000000019f20000)]
  0x000000001d351800 JavaThread "Thread-658" [_thread_blocked, id=592, stack(0x0000000019d20000,0x0000000019e20000)]
  0x000000001d358000 JavaThread "Stdin handler" [_thread_blocked, id=5568, stack(0x0000000019c20000,0x0000000019d20000)]
  0x000000001d354800 JavaThread "Asynchronous log dispatcher for DefaultDaemonConnection: socket connection from /127.0.0.1:62601 to /127.0.0.1:62895" [_thread_blocked, id=3716, stack(0x0000000019920000,0x0000000019a20000)]
  0x000000001d353800 JavaThread "Cancel handler" [_thread_blocked, id=9892, stack(0x0000000000ef0000,0x0000000000ff0000)]
  0x000000001d356800 JavaThread "Handler for socket connection from /127.0.0.1:62601 to /127.0.0.1:62895" [_thread_in_native, id=12116, stack(0x0000000000df0000,0x0000000000ef0000)]
  0x0000000017810000 JavaThread "ForkJoinPool.commonPool-worker-4" daemon [_thread_blocked, id=9748, stack(0x000000002c910000,0x000000002ca10000)]
  0x0000000017806000 JavaThread "ForkJoinPool.commonPool-worker-3" daemon [_thread_blocked, id=4260, stack(0x000000002c010000,0x000000002c110000)]
  0x000000001aaf4000 JavaThread "Daemon worker Thread 2" [_thread_blocked, id=13812, stack(0x0000000019820000,0x0000000019920000)]
  0x000000001aaec800 JavaThread "Daemon Thread 2" [_thread_blocked, id=13252, stack(0x0000000000bd0000,0x0000000000cd0000)]
  0x000000001bf67800 JavaThread "Cache worker for Java compile cache (C:\Users\Jake\.gradle\caches\5.6.4\javaCompile)" [_thread_blocked, id=14572, stack(0x0000000024ba0000,0x0000000024ca0000)]
  0x000000001aaef800 JavaThread "MarlinRenderer Disposer" daemon [_thread_blocked, id=15252, stack(0x0000000024f90000,0x0000000025090000)]
  0x000000001aaec000 JavaThread "Java2D Disposer" daemon [_thread_blocked, id=6760, stack(0x0000000024e90000,0x0000000024f90000)]
  0x000000001db2f800 JavaThread "Cache worker for file content cache (C:\Users\Jake\.gradle\caches\5.6.4\fileContent)" [_thread_blocked, id=10760, stack(0x00000000237a0000,0x00000000238a0000)]
  0x000000001780e800 JavaThread "Memory manager" [_thread_blocked, id=7196, stack(0x0000000022a00000,0x0000000022b00000)]
  0x000000001780a800 JavaThread "Cache worker for execution history cache (C:\Users\Jake\.gradle\caches\5.6.4\executionHistory)" [_thread_blocked, id=5948, stack(0x000000001cec0000,0x000000001cfc0000)]
  0x00000000184cb800 JavaThread "Cache worker for journal cache (C:\Users\Jake\.gradle\caches\journal-1)" [_thread_blocked, id=9808, stack(0x000000001a420000,0x000000001a520000)]
  0x00000000184cf800 JavaThread "File lock request listener" [_thread_in_native, id=13776, stack(0x000000001a320000,0x000000001a420000)]
  0x000000001829b000 JavaThread "Cache worker for file hash cache (C:\Users\Jake\.gradle\caches\5.6.4\fileHashes)" [_thread_blocked, id=8272, stack(0x000000001a220000,0x000000001a320000)]
  0x0000000018221800 JavaThread "Daemon periodic checks" [_thread_blocked, id=13668, stack(0x0000000019720000,0x0000000019820000)]
  0x00000000181a0800 JavaThread "Incoming local TCP Connector on port 62601" [_thread_in_native, id=15156, stack(0x00000000194e0000,0x00000000195e0000)]
  0x00000000180a8000 JavaThread "Daemon health stats" [_thread_blocked, id=3832, stack(0x0000000018ea0000,0x0000000018fa0000)]
  0x00000000158c5000 JavaThread "Service Thread" daemon [_thread_blocked, id=13028, stack(0x0000000016500000,0x0000000016600000)]
  0x000000001583c800 JavaThread "C1 CompilerThread3" daemon [_thread_blocked, id=6624, stack(0x0000000016400000,0x0000000016500000)]
  0x0000000013a3b800 JavaThread "C2 CompilerThread2" daemon [_thread_blocked, id=8728, stack(0x0000000016300000,0x0000000016400000)]
  0x0000000013a3a800 JavaThread "C2 CompilerThread1" daemon [_thread_blocked, id=10852, stack(0x0000000016200000,0x0000000016300000)]
  0x0000000015836800 JavaThread "C2 CompilerThread0" daemon [_thread_blocked, id=14860, stack(0x0000000016100000,0x0000000016200000)]
  0x0000000015834800 JavaThread "Attach Listener" daemon [_thread_blocked, id=7060, stack(0x0000000016000000,0x0000000016100000)]
  0x0000000015831000 JavaThread "Signal Dispatcher" daemon [_thread_blocked, id=10228, stack(0x0000000015f00000,0x0000000016000000)]
  0x0000000002b0d800 JavaThread "Finalizer" daemon [_thread_blocked, id=10824, stack(0x0000000015d00000,0x0000000015e00000)]
  0x0000000002b05800 JavaThread "Reference Handler" daemon [_thread_blocked, id=7848, stack(0x0000000015c00000,0x0000000015d00000)]
  0x0000000002a0d800 JavaThread "main" [_thread_blocked, id=15172, stack(0x00000000028c0000,0x00000000029c0000)]

Other Threads:
  0x0000000013a28000 VMThread [stack: 0x0000000015700000,0x0000000015800000] [id=11108]
  0x00000000158c5800 WatcherThread [stack: 0x0000000016600000,0x0000000016700000] [id=164]

=>0x0000000002a2f000 (exited) GCTaskThread [stack: 0x00000000124c0000,0x00000000125c0000] [id=13940]

VM state:at safepoint (normal execution)

VM Mutex/Monitor currently owned by a thread:  ([mutex/lock_event])
[0x0000000002a0cae0] Threads_lock - owner thread: 0x0000000013a28000
[0x0000000002a0c5e0] Heap_lock - owner thread: 0x000000002893c000

heap address: 0x00000000f0000000, size: 256 MB, Compressed Oops mode: 32-bit
Narrow klass base: 0x0000000000000000, Narrow klass shift: 3
Compressed class space size: 1073741824 Address: 0x0000000100000000

Heap:
 PSYoungGen      total 38912K, used 29695K [0x00000000fab00000, 0x0000000100000000, 0x0000000100000000)
  eden space 29696K, 99% used [0x00000000fab00000,0x00000000fc7fff38,0x00000000fc800000)
  from space 9216K, 0% used [0x00000000ff700000,0x00000000ff700000,0x0000000100000000)
  to   space 28672K, 0% used [0x00000000fc800000,0x00000000fc800000,0x00000000fe400000)
 ParOldGen       total 175104K, used 174864K [0x00000000f0000000, 0x00000000fab00000, 0x00000000fab00000)
  object space 175104K, 99% used [0x00000000f0000000,0x00000000faac41c8,0x00000000fab00000)
 Metaspace       used 114057K, capacity 121920K, committed 124160K, reserved 1157120K
  class space    used 14121K, capacity 15532K, committed 16128K, reserved 1048576K

Card table byte_map: [0x0000000011ed0000,0x0000000011f60000] byte_map_base: 0x0000000011750000

Marking Bits: (ParMarkBitMap*) 0x00000000609f9f30
 Begin Bits: [0x00000000127c0000, 0x0000000012bc0000)
 End Bits:   [0x0000000012bc0000, 0x0000000012fc0000)

Polling page: 0x00000000007f0000

CodeCache: size=245760Kb used=96749Kb max_used=96759Kb free=149011Kb
 bounds [0x0000000002b10000, 0x0000000008a30000, 0x0000000011b10000]
 total_blobs=26648 nmethods=25606 adapters=950
 compilation: enabled

Compilation events (10 events):
Event: 623.081 Thread 0x0000000013a3b800 34649       4       com.android.tools.r8.graph.v::<init> (302 bytes)
Event: 623.441 Thread 0x0000000013a3a800 nmethod 34646 0x00000000086a4ed0 code [0x00000000086a5140, 0x00000000086a6180]
Event: 623.441 Thread 0x0000000013a3a800 34636       4       com.android.tools.r8.graph.f0::a (105 bytes)
Event: 623.740 Thread 0x0000000013a3a800 nmethod 34636 0x00000000086aa750 code [0x00000000086aa8a0, 0x00000000086aab78]
Event: 623.740 Thread 0x0000000013a3a800 34650       4       com.android.tools.r8.naming.t$b::a (88 bytes)
Event: 624.117 Thread 0x0000000015836800 nmethod 33779% 0x000000000839fb90 code [0x00000000083a0540, 0x00000000083a7a58]
Event: 624.825 Thread 0x0000000015836800 34651       4       java.lang.String::join (59 bytes)
Event: 626.433 Thread 0x0000000013a3a800 nmethod 34650 0x0000000007bb18d0 code [0x0000000007bb1b20, 0x0000000007bb2da0]
Event: 626.840 Thread 0x0000000013a3b800 nmethod 34649 0x0000000007bab5d0 code [0x0000000007bab900, 0x0000000007bae758]
Event: 627.185 Thread 0x0000000013a3b800 33792 %     4       com.android.tools.r8.u.b.T::b @ 30 (1128 bytes)

GC Heap History (10 events):
Event: 627.070 GC heap after
Heap after GC invocations=417 (full 57):
 PSYoungGen      total 38912K, used 29682K [0x00000000fab00000, 0x0000000100000000, 0x0000000100000000)
  eden space 29696K, 99% used [0x00000000fab00000,0x00000000fc7fcab8,0x00000000fc800000)
  from space 9216K, 0% used [0x00000000ff700000,0x00000000ff700000,0x0000000100000000)
  to   space 28672K, 0% used [0x00000000fc800000,0x00000000fc800000,0x00000000fe400000)
 ParOldGen       total 175104K, used 174864K [0x00000000f0000000, 0x00000000fab00000, 0x00000000fab00000)
  object space 175104K, 99% used [0x00000000f0000000,0x00000000faac41c8,0x00000000fab00000)
 Metaspace       used 114057K, capacity 121920K, committed 124160K, reserved 1157120K
  class space    used 14121K, capacity 15532K, committed 16128K, reserved 1048576K
}
Event: 627.070 GC heap before
{Heap before GC invocations=418 (full 58):
 PSYoungGen      total 38912K, used 29696K [0x00000000fab00000, 0x0000000100000000, 0x0000000100000000)
  eden space 29696K, 100% used [0x00000000fab00000,0x00000000fc800000,0x00000000fc800000)
  from space 9216K, 0% used [0x00000000ff700000,0x00000000ff700000,0x0000000100000000)
  to   space 28672K, 0% used [0x00000000fc800000,0x00000000fc800000,0x00000000fe400000)
 ParOldGen       total 175104K, used 174864K [0x00000000f0000000, 0x00000000fab00000, 0x00000000fab00000)
  object space 175104K, 99% used [0x00000000f0000000,0x00000000faac41c8,0x00000000fab00000)
 Metaspace       used 114057K, capacity 121920K, committed 124160K, reserved 1157120K
  class space    used 14121K, capacity 15532K, committed 16128K, reserved 1048576K
Event: 627.185 GC heap after
Heap after GC invocations=418 (full 58):
 PSYoungGen      total 38912K, used 29684K [0x00000000fab00000, 0x0000000100000000, 0x0000000100000000)
  eden space 29696K, 99% used [0x00000000fab00000,0x00000000fc7fd370,0x00000000fc800000)
  from space 9216K, 0% used [0x00000000ff700000,0x00000000ff700000,0x0000000100000000)
  to   space 28672K, 0% used [0x00000000fc800000,0x00000000fc800000,0x00000000fe400000)
 ParOldGen       total 175104K, used 174864K [0x00000000f0000000, 0x00000000fab00000, 0x00000000fab00000)
  object space 175104K, 99% used [0x00000000f0000000,0x00000000faac41c8,0x00000000fab00000)
 Metaspace       used 114057K, capacity 121920K, committed 124160K, reserved 1157120K
  class space    used 14121K, capacity 15532K, committed 16128K, reserved 1048576K
}
Event: 627.185 GC heap before
{Heap before GC invocations=419 (full 59):
 PSYoungGen      total 38912K, used 29696K [0x00000000fab00000, 0x0000000100000000, 0x0000000100000000)
  eden space 29696K, 100% used [0x00000000fab00000,0x00000000fc800000,0x00000000fc800000)
  from space 9216K, 0% used [0x00000000ff700000,0x00000000ff700000,0x0000000100000000)
  to   space 28672K, 0% used [0x00000000fc800000,0x00000000fc800000,0x00000000fe400000)
 ParOldGen       total 175104K, used 174864K [0x00000000f0000000, 0x00000000fab00000, 0x00000000fab00000)
  object space 175104K, 99% used [0x00000000f0000000,0x00000000faac41c8,0x00000000fab00000)
 Metaspace       used 114057K, capacity 121920K, committed 124160K, reserved 1157120K
  class space    used 14121K, capacity 15532K, committed 16128K, reserved 1048576K
Event: 627.296 GC heap after
Heap after GC invocations=419 (full 59):
 PSYoungGen      total 38912K, used 29686K [0x00000000fab00000, 0x0000000100000000, 0x0000000100000000)
  eden space 29696K, 99% used [0x00000000fab00000,0x00000000fc7fd9a0,0x00000000fc800000)
  from space 9216K, 0% used [0x00000000ff700000,0x00000000ff700000,0x0000000100000000)
  to   space 28672K, 0% used [0x00000000fc800000,0x00000000fc800000,0x00000000fe400000)
 ParOldGen       total 175104K, used 174864K [0x00000000f0000000, 0x00000000fab00000, 0x00000000fab00000)
  object space 175104K, 99% used [0x00000000f0000000,0x00000000faac41c8,0x00000000fab00000)
 Metaspace       used 114057K, capacity 121920K, committed 124160K, reserved 1157120K
  class space    used 14121K, capacity 15532K, committed 16128K, reserved 1048576K
}
Event: 627.296 GC heap before
{Heap before GC invocations=420 (full 60):
 PSYoungGen      total 38912K, used 29696K [0x00000000fab00000, 0x0000000100000000, 0x0000000100000000)
  eden space 29696K, 100% used [0x00000000fab00000,0x00000000fc800000,0x00000000fc800000)
  from space 9216K, 0% used [0x00000000ff700000,0x00000000ff700000,0x0000000100000000)
  to   space 28672K, 0% used [0x00000000fc800000,0x00000000fc800000,0x00000000fe400000)
 ParOldGen       total 175104K, used 174864K [0x00000000f0000000, 0x00000000fab00000, 0x00000000fab00000)
  object space 175104K, 99% used [0x00000000f0000000,0x00000000faac41c8,0x00000000fab00000)
 Metaspace       used 114057K, capacity 121920K, committed 124160K, reserved 1157120K
  class space    used 14121K, capacity 15532K, committed 16128K, reserved 1048576K
Event: 627.407 GC heap after
Heap after GC invocations=420 (full 60):
 PSYoungGen      total 38912K, used 29687K [0x00000000fab00000, 0x0000000100000000, 0x0000000100000000)
  eden space 29696K, 99% used [0x00000000fab00000,0x00000000fc7fde28,0x00000000fc800000)
  from space 9216K, 0% used [0x00000000ff700000,0x00000000ff700000,0x0000000100000000)
  to   space 28672K, 0% used [0x00000000fc800000,0x00000000fc800000,0x00000000fe400000)
 ParOldGen       total 175104K, used 174864K [0x00000000f0000000, 0x00000000fab00000, 0x00000000fab00000)
  object space 175104K, 99% used [0x00000000f0000000,0x00000000faac41c8,0x00000000fab00000)
 Metaspace       used 114057K, capacity 121920K, committed 124160K, reserved 1157120K
  class space    used 14121K, capacity 15532K, committed 16128K, reserved 1048576K
}
Event: 627.408 GC heap before
{Heap before GC invocations=421 (full 61):
 PSYoungGen      total 38912K, used 29696K [0x00000000fab00000, 0x0000000100000000, 0x0000000100000000)
  eden space 29696K, 100% used [0x00000000fab00000,0x00000000fc800000,0x00000000fc800000)
  from space 9216K, 0% used [0x00000000ff700000,0x00000000ff700000,0x0000000100000000)
  to   space 28672K, 0% used [0x00000000fc800000,0x00000000fc800000,0x00000000fe400000)
 ParOldGen       total 175104K, used 174864K [0x00000000f0000000, 0x00000000fab00000, 0x00000000fab00000)
  object space 175104K, 99% used [0x00000000f0000000,0x00000000faac41c8,0x00000000fab00000)
 Metaspace       used 114057K, capacity 121920K, committed 124160K, reserved 1157120K
  class space    used 14121K, capacity 15532K, committed 16128K, reserved 1048576K
Event: 627.517 GC heap after
Heap after GC invocations=421 (full 61):
 PSYoungGen      total 38912K, used 29688K [0x00000000fab00000, 0x0000000100000000, 0x0000000100000000)
  eden space 29696K, 99% used [0x00000000fab00000,0x00000000fc7fe2c8,0x00000000fc800000)
  from space 9216K, 0% used [0x00000000ff700000,0x00000000ff700000,0x0000000100000000)
  to   space 28672K, 0% used [0x00000000fc800000,0x00000000fc800000,0x00000000fe400000)
 ParOldGen       total 175104K, used 174864K [0x00000000f0000000, 0x00000000fab00000, 0x00000000fab00000)
  object space 175104K, 99% used [0x00000000f0000000,0x00000000faac41c8,0x00000000fab00000)
 Metaspace       used 114057K, capacity 121920K, committed 124160K, reserved 1157120K
  class space    used 14121K, capacity 15532K, committed 16128K, reserved 1048576K
}
Event: 627.518 GC heap before
{Heap before GC invocations=422 (full 62):
 PSYoungGen      total 38912K, used 29695K [0x00000000fab00000, 0x0000000100000000, 0x0000000100000000)
  eden space 29696K, 99% used [0x00000000fab00000,0x00000000fc7fff38,0x00000000fc800000)
  from space 9216K, 0% used [0x00000000ff700000,0x00000000ff700000,0x0000000100000000)
  to   space 28672K, 0% used [0x00000000fc800000,0x00000000fc800000,0x00000000fe400000)
 ParOldGen       total 175104K, used 174864K [0x00000000f0000000, 0x00000000fab00000, 0x00000000fab00000)
  object space 175104K, 99% used [0x00000000f0000000,0x00000000faac41c8,0x00000000fab00000)
 Metaspace       used 114057K, capacity 121920K, committed 124160K, reserved 1157120K
  class space    used 14121K, capacity 15532K, committed 16128K, reserved 1048576K

Deoptimization events (10 events):
Event: 618.886 Thread 0x000000001db34000 Uncommon trap: reason=unstable_if action=reinterpret pc=0x0000000008425fec method=com.android.tools.r8.v.a.a.a.f.W0.a(I)Z @ 1
Event: 619.462 Thread 0x0000000017808800 Uncommon trap: reason=class_check action=maybe_recompile pc=0x0000000005199ca0 method=com.google.common.collect.ImmutableCollection.toArray([Ljava/lang/Object;)[Ljava/lang/Object; @ 27
Event: 619.488 Thread 0x000000001db37000 Uncommon trap: reason=class_check action=maybe_recompile pc=0x00000000086c0448 method=org.gradle.internal.fingerprint.impl.DefaultCurrentFileCollectionFingerprint.from(Ljava/lang/Iterable;Lorg/gradle/internal/fingerprint/FingerprintingStrategy;)Lorg/gradl
Event: 619.504 Thread 0x0000000017807800 Uncommon trap: reason=unstable_if action=reinterpret pc=0x0000000005956da8 method=java.nio.Bits.copyToArray(JLjava/lang/Object;JJJ)V @ 19
Event: 619.575 Thread 0x000000002893d000 Uncommon trap: reason=unstable_if action=reinterpret pc=0x00000000034f43f0 method=java.util.Arrays.hashCode([Ljava/lang/Object;)I @ 1
Event: 619.575 Thread 0x0000000028939000 Uncommon trap: reason=unstable_if action=reinterpret pc=0x00000000034f43f0 method=java.util.Arrays.hashCode([Ljava/lang/Object;)I @ 1
Event: 619.575 Thread 0x000000002893d800 Uncommon trap: reason=unstable_if action=reinterpret pc=0x00000000034f43f0 method=java.util.Arrays.hashCode([Ljava/lang/Object;)I @ 1
Event: 619.575 Thread 0x000000002893b800 Uncommon trap: reason=unstable_if action=reinterpret pc=0x00000000034f43f0 method=java.util.Arrays.hashCode([Ljava/lang/Object;)I @ 1
Event: 619.575 Thread 0x0000000028935800 Uncommon trap: reason=unstable_if action=reinterpret pc=0x00000000034f43f0 method=java.util.Arrays.hashCode([Ljava/lang/Object;)I @ 1
Event: 619.575 Thread 0x000000002893c000 Uncommon trap: reason=unstable_if action=reinterpret pc=0x00000000034f43f0 method=java.util.Arrays.hashCode([Ljava/lang/Object;)I @ 1

Classes redefined (0 events):
No events

Internal exceptions (10 events):
Event: 618.990 Thread 0x000000001db34000 Exception <a 'sun/nio/fs/WindowsException'> (0x00000000fd764eb8) thrown at [D:\src\AOSP-openjdk-cygwin\jdk8u\hotspot\src\share\vm\prims\jni.cpp, line 710]
Event: 619.495 Thread 0x0000000017808800 Exception <a 'sun/nio/fs/WindowsException'> (0x00000000ff1770b0) thrown at [D:\src\AOSP-openjdk-cygwin\jdk8u\hotspot\src\share\vm\prims\jni.cpp, line 710]
Event: 619.509 Thread 0x0000000017807800 Exception <a 'sun/nio/fs/WindowsException'> (0x00000000fb551b48) thrown at [D:\src\AOSP-openjdk-cygwin\jdk8u\hotspot\src\share\vm\prims\jni.cpp, line 710]
Event: 619.575 Thread 0x000000002893d000 Implicit null exception at 0x00000000034f42ef to 0x00000000034f43e1
Event: 619.575 Thread 0x0000000028939000 Implicit null exception at 0x00000000034f42ef to 0x00000000034f43e1
Event: 619.575 Thread 0x000000002893d800 Implicit null exception at 0x00000000034f42ef to 0x00000000034f43e1
Event: 619.575 Thread 0x000000002893b800 Implicit null exception at 0x00000000034f42ef to 0x00000000034f43e1
Event: 619.575 Thread 0x0000000028935800 Implicit null exception at 0x00000000034f42ef to 0x00000000034f43e1
Event: 619.575 Thread 0x000000002893c000 Implicit null exception at 0x00000000034f42ef to 0x00000000034f43e1
Event: 619.789 Thread 0x000000002893c000 Exception <a 'sun/nio/fs/WindowsException'> (0x00000000fd91f328) thrown at [D:\src\AOSP-openjdk-cygwin\jdk8u\hotspot\src\share\vm\prims\jni.cpp, line 710]

Events (10 events):
Event: 627.070 Executing VM operation: ParallelGCFailedAllocation done
Event: 627.070 Executing VM operation: ParallelGCFailedAllocation
Event: 627.185 Executing VM operation: ParallelGCFailedAllocation done
Event: 627.185 Executing VM operation: ParallelGCFailedAllocation
Event: 627.296 Executing VM operation: ParallelGCFailedAllocation done
Event: 627.296 Executing VM operation: ParallelGCFailedAllocation
Event: 627.407 Executing VM operation: ParallelGCFailedAllocation done
Event: 627.408 Executing VM operation: ParallelGCFailedAllocation
Event: 627.517 Executing VM operation: ParallelGCFailedAllocation done
Event: 627.518 Executing VM operation: ParallelGCFailedAllocation


Dynamic libraries:
0x00007ff6d1f80000 - 0x00007ff6d1fb1000 	E:\Android Studio\jre\bin\java.exe
0x00007ffdcb740000 - 0x00007ffdcb930000 	C:\Windows\SYSTEM32\ntdll.dll
0x00007ffdc97f0000 - 0x00007ffdc98a2000 	C:\Windows\System32\KERNEL32.DLL
0x00007ffdc94b0000 - 0x00007ffdc9753000 	C:\Windows\System32\KERNELBASE.dll
0x00007ffdcb2b0000 - 0x00007ffdcb353000 	C:\Windows\System32\ADVAPI32.dll
0x00007ffdca690000 - 0x00007ffdca72e000 	C:\Windows\System32\msvcrt.dll
0x00007ffdc9bb0000 - 0x00007ffdc9c47000 	C:\Windows\System32\sechost.dll
0x00007ffdca7c0000 - 0x00007ffdca8e0000 	C:\Windows\System32\RPCRT4.dll
0x00007ffdc9a10000 - 0x00007ffdc9ba4000 	C:\Windows\System32\USER32.dll
0x00007ffdc86d0000 - 0x00007ffdc86f1000 	C:\Windows\System32\win32u.dll
0x00007ffdca730000 - 0x00007ffdca756000 	C:\Windows\System32\GDI32.dll
0x00007ffdc8fd0000 - 0x00007ffdc9164000 	C:\Windows\System32\gdi32full.dll
0x00007ffdc93f0000 - 0x00007ffdc948e000 	C:\Windows\System32\msvcp_win.dll
0x00007ffdc92f0000 - 0x00007ffdc93ea000 	C:\Windows\System32\ucrtbase.dll
0x00007ffdc7b20000 - 0x00007ffdc7da5000 	C:\Windows\WinSxS\amd64_microsoft.windows.common-controls_6595b64144ccf1df_6.0.18362.657_none_e6c5b579130e3898\COMCTL32.dll
0x00007ffdca280000 - 0x00007ffdca5b6000 	C:\Windows\System32\combase.dll
0x00007ffdc9270000 - 0x00007ffdc92f0000 	C:\Windows\System32\bcryptPrimitives.dll
0x00007ffdca790000 - 0x00007ffdca7be000 	C:\Windows\System32\IMM32.DLL
0x0000000060070000 - 0x0000000060142000 	E:\Android Studio\jre\jre\bin\msvcr100.dll
0x0000000060230000 - 0x0000000060a76000 	E:\Android Studio\jre\jre\bin\server\jvm.dll
0x00007ffdca0c0000 - 0x00007ffdca0c8000 	C:\Windows\System32\PSAPI.DLL
0x00007ffdc3830000 - 0x00007ffdc3839000 	C:\Windows\SYSTEM32\WSOCK32.dll
0x00007ffdc5d10000 - 0x00007ffdc5d34000 	C:\Windows\SYSTEM32\WINMM.dll
0x00007ffdc5cf0000 - 0x00007ffdc5cfa000 	C:\Windows\SYSTEM32\VERSION.dll
0x00007ffdcb360000 - 0x00007ffdcb3cf000 	C:\Windows\System32\WS2_32.dll
0x00007ffdc4cd0000 - 0x00007ffdc4cfd000 	C:\Windows\SYSTEM32\WINMMBASE.dll
0x00007ffdc9170000 - 0x00007ffdc91ba000 	C:\Windows\System32\cfgmgr32.dll
0x00007ffdc2dd0000 - 0x00007ffdc2ddf000 	E:\Android Studio\jre\jre\bin\verify.dll
0x00007ffdc0980000 - 0x00007ffdc09a9000 	E:\Android Studio\jre\jre\bin\java.dll
0x00007ffdbff20000 - 0x00007ffdbff36000 	E:\Android Studio\jre\jre\bin\zip.dll
0x00007ffdcaa10000 - 0x00007ffdcb0f5000 	C:\Windows\System32\SHELL32.dll
0x00007ffdc9960000 - 0x00007ffdc9a09000 	C:\Windows\System32\shcore.dll
0x00007ffdc8700000 - 0x00007ffdc8e7f000 	C:\Windows\System32\windows.storage.dll
0x00007ffdc8690000 - 0x00007ffdc86af000 	C:\Windows\System32\profapi.dll
0x00007ffdc8620000 - 0x00007ffdc866a000 	C:\Windows\System32\powrprof.dll
0x00007ffdc8610000 - 0x00007ffdc8620000 	C:\Windows\System32\UMPDC.dll
0x00007ffdcb3d0000 - 0x00007ffdcb422000 	C:\Windows\System32\shlwapi.dll
0x00007ffdc8670000 - 0x00007ffdc8681000 	C:\Windows\System32\kernel.appcore.dll
0x00007ffdc9490000 - 0x00007ffdc94a7000 	C:\Windows\System32\cryptsp.dll
0x00007ffdbfed0000 - 0x00007ffdbfeea000 	E:\Android Studio\jre\jre\bin\net.dll
0x00007ffdbb490000 - 0x00007ffdbb666000 	C:\Windows\SYSTEM32\urlmon.dll
0x00007ffdbba50000 - 0x00007ffdbbcf6000 	C:\Windows\SYSTEM32\iertutil.dll
0x00007ffdc79d0000 - 0x00007ffdc79dc000 	C:\Windows\SYSTEM32\CRYPTBASE.DLL
0x00007ffdc7800000 - 0x00007ffdc7867000 	C:\Windows\system32\mswsock.dll
0x00007ffdbfe90000 - 0x00007ffdbfea3000 	E:\Android Studio\jre\jre\bin\nio.dll
0x00007ffdbab00000 - 0x00007ffdbab26000 	C:\Users\Jake\.gradle\native\30\windows-amd64\native-platform.dll
0x00007ffdc07b0000 - 0x00007ffdc07bd000 	E:\Android Studio\jre\jre\bin\management.dll
0x00007ffdc7370000 - 0x00007ffdc73a3000 	C:\Windows\system32\rsaenh.dll
0x00007ffdc97c0000 - 0x00007ffdc97e6000 	C:\Windows\System32\bcrypt.dll
0x00007ffdc8530000 - 0x00007ffdc8555000 	C:\Windows\SYSTEM32\USERENV.dll
0x00007ffdc7510000 - 0x00007ffdc754a000 	C:\Windows\SYSTEM32\IPHLPAPI.DLL
0x00007ffdcb590000 - 0x00007ffdcb598000 	C:\Windows\System32\NSI.dll
0x00007ffdc02d0000 - 0x00007ffdc02e6000 	C:\Windows\SYSTEM32\dhcpcsvc6.DLL
0x00007ffdc0a90000 - 0x00007ffdc0aac000 	C:\Windows\SYSTEM32\dhcpcsvc.DLL
0x00007ffdc7550000 - 0x00007ffdc761a000 	C:\Windows\SYSTEM32\DNSAPI.dll
0x00007ffd88e50000 - 0x00007ffd88fec000 	E:\Android Studio\jre\jre\bin\awt.dll
0x00007ffdca8e0000 - 0x00007ffdca9a4000 	C:\Windows\System32\OLEAUT32.dll
0x00007ffdc6820000 - 0x00007ffdc684d000 	C:\Windows\SYSTEM32\dwmapi.dll
0x00007ffdc4d00000 - 0x00007ffdc52c0000 	C:\Windows\SYSTEM32\d2d1.dll
0x00007ffdc6270000 - 0x00007ffdc62ff000 	C:\Windows\SYSTEM32\apphelp.dll
0x00007ffdc63b0000 - 0x00007ffdc6449000 	C:\Windows\system32\uxtheme.dll
0x00007ffdc80f0000 - 0x00007ffdc8121000 	C:\Windows\SYSTEM32\ntmarta.dll
0x00007ffdbac50000 - 0x00007ffdbac74000 	E:\Android Studio\jre\jre\bin\sunec.dll
0x00007ffdb9210000 - 0x00007ffdb921a000 	C:\Windows\System32\rasadhlp.dll
0x00007ffdbfa90000 - 0x00007ffdbfb07000 	C:\Windows\System32\fwpuclnt.dll
0x00007ffdbff10000 - 0x00007ffdbff1b000 	E:\Android Studio\jre\jre\bin\sunmscapi.dll
0x00007ffdc8e80000 - 0x00007ffdc8fc9000 	C:\Windows\System32\CRYPT32.dll
0x00007ffdc86b0000 - 0x00007ffdc86c2000 	C:\Windows\System32\MSASN1.dll
0x00007ffdc8130000 - 0x00007ffdc8324000 	C:\Windows\SYSTEM32\dbghelp.dll

VM Arguments:
jvm_args: -XX:MaxHeapSize=256m -Xmx256m -Dfile.encoding=windows-1252 -Duser.country=US -Duser.language=en -Duser.variant 
java_command: org.gradle.launcher.daemon.bootstrap.GradleDaemon 5.6.4
java_class_path (initial): C:\Users\Jake\.gradle\wrapper\dists\gradle-5.6.4-all\ankdp27end7byghfw1q2sw75f\gradle-5.6.4\lib\gradle-launcher-5.6.4.jar
Launcher Type: SUN_STANDARD

Environment Variables:
PATH=C:\Program Files (x86)\NVIDIA Corporation\PhysX\Common;C:\Program Files (x86)\Common Files\Oracle\Java\javapath;C:\Program Files\Oculus\Support\oculus-runtime;C:\Windows\system32;C:\Windows;C:\Windows\System32\Wbem;C:\Windows\System32\WindowsPowerShell\v1.0\;C:\Windows\System32\OpenSSH\;C:\Program Files\Git\cmd;C:\Program Files\PuTTY\;C:\Users\Jake\AppData\Local\Microsoft\WindowsApps;
USERNAME=Jake
OS=Windows_NT
PROCESSOR_IDENTIFIER=Intel64 Family 6 Model 158 Stepping 13, GenuineIntel



---------------  S Y S T E M  ---------------

OS: Windows 10.0 , 64 bit Build 18362 (10.0.18362.329)

CPU:total 8 (initial active 8) (8 cores per cpu, 1 threads per core) family 6 model 158 stepping 13, cmov, cx8, fxsr, mmx, sse, sse2, sse3, ssse3, sse4.1, sse4.2, popcnt, avx, avx2, aes, clmul, erms, rtm, 3dnowpref, lzcnt, tsc, tscinvbit, bmi1, bmi2, adx

Memory: 4k page, physical 16710116k(5800388k free), swap 19462628k(2331936k free)

vm_info: OpenJDK 64-Bit Server VM (25.212-b04) for windows-amd64 JRE (1.8.0_212-release-1586-b04), built by "builder" with MS VC++ 10.0 (VS2010)

time: Fri Mar 06 15:30:02 2020
timezone: Pacific Standard Time
elapsed time: 627 seconds (0d 0h 10m 27s)

